{"uid":"8b6ee0d0575bfbf8","name":"User should be able to create project","fullName":"com.example.teamcity.ui.CreateProjectTest.userCreatesProject","historyId":"7f24ad9023ae3cbff9685d20fb15db20","time":{"start":1743526196185,"stop":1743526210061,"duration":13876},"status":"broken","statusMessage":"Unable to extract name value from com.example.teamcity.api.models.User","statusTrace":"java.lang.IllegalStateException: Unable to extract name value from com.example.teamcity.api.models.User\n\tat io.qameta.allure.util.NamingUtils.extractChild(NamingUtils.java:101)\n\tat io.qameta.allure.util.NamingUtils.extractProperties(NamingUtils.java:90)\n\tat io.qameta.allure.util.NamingUtils.processPattern(NamingUtils.java:70)\n\tat io.qameta.allure.util.NamingUtils.processNameTemplate(NamingUtils.java:51)\n\tat io.qameta.allure.util.AspectUtils.lambda$getName$1(AspectUtils.java:46)\n\tat java.base/java.util.Optional.map(Optional.java:260)\n\tat io.qameta.allure.util.AspectUtils.getName(AspectUtils.java:46)\n\tat io.qameta.allure.aspects.StepsAspects.stepStart(StepsAspects.java:72)\n\tat com.example.teamcity.ui.pages.LoginPage.login(LoginPage.java:26)\n\tat com.example.teamcity.ui.BaseUiTest.loginAs(BaseUiTest.java:45)\n\tat com.example.teamcity.ui.CreateProjectTest.userCreatesProject(CreateProjectTest.java:25)\n\tat java.base/jdk.internal.reflect.DirectMethodHandleAccessor.invoke(DirectMethodHandleAccessor.java:103)\n\tat java.base/java.lang.reflect.Method.invoke(Method.java:580)\n\tat org.testng.internal.invokers.MethodInvocationHelper.invokeMethod(MethodInvocationHelper.java:141)\n\tat org.testng.internal.invokers.TestInvoker.invokeMethod(TestInvoker.java:686)\n\tat org.testng.internal.invokers.TestInvoker.invokeTestMethod(TestInvoker.java:230)\n\tat org.testng.internal.invokers.MethodRunner.runInSequence(MethodRunner.java:63)\n\tat org.testng.internal.invokers.TestInvoker$MethodInvocationAgent.invoke(TestInvoker.java:992)\n\tat org.testng.internal.invokers.TestInvoker.invokeTestMethods(TestInvoker.java:203)\n\tat org.testng.internal.invokers.TestMethodWorker.invokeTestMethods(TestMethodWorker.java:154)\n\tat org.testng.internal.invokers.TestMethodWorker.run(TestMethodWorker.java:134)\n\tat java.base/java.util.ArrayList.forEach(ArrayList.java:1596)\n\tat org.testng.TestRunner.privateRun(TestRunner.java:739)\n\tat org.testng.TestRunner.run(TestRunner.java:614)\n\tat org.testng.SuiteRunner.runTest(SuiteRunner.java:421)\n\tat org.testng.SuiteRunner.runSequentially(SuiteRunner.java:413)\n\tat org.testng.SuiteRunner.privateRun(SuiteRunner.java:373)\n\tat org.testng.SuiteRunner.run(SuiteRunner.java:312)\n\tat org.testng.SuiteRunnerWorker.runSuite(SuiteRunnerWorker.java:52)\n\tat org.testng.SuiteRunnerWorker.run(SuiteRunnerWorker.java:95)\n\tat org.testng.TestNG.runSuitesSequentially(TestNG.java:1274)\n\tat org.testng.TestNG.runSuitesLocally(TestNG.java:1208)\n\tat org.testng.TestNG.runSuites(TestNG.java:1112)\n\tat org.testng.TestNG.run(TestNG.java:1079)\n\tat org.apache.maven.surefire.testng.TestNGExecutor.run(TestNGExecutor.java:151)\n\tat org.apache.maven.surefire.testng.TestNGDirectoryTestSuite.executeMulti(TestNGDirectoryTestSuite.java:192)\n\tat org.apache.maven.surefire.testng.TestNGDirectoryTestSuite.execute(TestNGDirectoryTestSuite.java:93)\n\tat org.apache.maven.surefire.testng.TestNGProvider.invoke(TestNGProvider.java:155)\n\tat org.apache.maven.surefire.booter.ForkedBooter.runSuitesInProcess(ForkedBooter.java:456)\n\tat org.apache.maven.surefire.booter.ForkedBooter.execute(ForkedBooter.java:169)\n\tat org.apache.maven.surefire.booter.ForkedBooter.run(ForkedBooter.java:595)\n\tat org.apache.maven.surefire.booter.ForkedBooter.main(ForkedBooter.java:581)\nCaused by: java.lang.NoSuchFieldException: name\n\tat java.base/java.lang.Class.getField(Class.java:2284)\n\tat io.qameta.allure.util.NamingUtils.extractField(NamingUtils.java:109)\n\tat io.qameta.allure.util.NamingUtils.extractChild(NamingUtils.java:99)\n\t... 41 more\n","flaky":false,"newFailed":false,"newBroken":true,"newPassed":false,"retriesCount":0,"retriesStatusChange":false,"beforeStages":[{"name":"beforeTest","time":{"start":1743526195905,"stop":1743526195960,"duration":55},"description":"","status":"passed","steps":[{"name":"Auth as user: 'test_ZopixN0FrH'","time":{"start":1743526195951,"stop":1743526195960,"duration":9},"status":"passed","steps":[],"attachments":[],"parameters":[{"name":"user","value":"User(id=null, username=test_ZopixN0FrH, password=test_80uqSJMkok, roles=Roles(role=[Role(roleId=SYSTEM_ADMIN, scope=g)]))"}],"shouldDisplayMessage":false,"stepsCount":0,"attachmentsCount":0,"hasContent":true}],"attachments":[],"parameters":[],"shouldDisplayMessage":false,"stepsCount":1,"attachmentsCount":0,"hasContent":true}],"testStage":{"status":"broken","statusMessage":"Unable to extract name value from com.example.teamcity.api.models.User","statusTrace":"java.lang.IllegalStateException: Unable to extract name value from com.example.teamcity.api.models.User\n\tat io.qameta.allure.util.NamingUtils.extractChild(NamingUtils.java:101)\n\tat io.qameta.allure.util.NamingUtils.extractProperties(NamingUtils.java:90)\n\tat io.qameta.allure.util.NamingUtils.processPattern(NamingUtils.java:70)\n\tat io.qameta.allure.util.NamingUtils.processNameTemplate(NamingUtils.java:51)\n\tat io.qameta.allure.util.AspectUtils.lambda$getName$1(AspectUtils.java:46)\n\tat java.base/java.util.Optional.map(Optional.java:260)\n\tat io.qameta.allure.util.AspectUtils.getName(AspectUtils.java:46)\n\tat io.qameta.allure.aspects.StepsAspects.stepStart(StepsAspects.java:72)\n\tat com.example.teamcity.ui.pages.LoginPage.login(LoginPage.java:26)\n\tat com.example.teamcity.ui.BaseUiTest.loginAs(BaseUiTest.java:45)\n\tat com.example.teamcity.ui.CreateProjectTest.userCreatesProject(CreateProjectTest.java:25)\n\tat java.base/jdk.internal.reflect.DirectMethodHandleAccessor.invoke(DirectMethodHandleAccessor.java:103)\n\tat java.base/java.lang.reflect.Method.invoke(Method.java:580)\n\tat org.testng.internal.invokers.MethodInvocationHelper.invokeMethod(MethodInvocationHelper.java:141)\n\tat org.testng.internal.invokers.TestInvoker.invokeMethod(TestInvoker.java:686)\n\tat org.testng.internal.invokers.TestInvoker.invokeTestMethod(TestInvoker.java:230)\n\tat org.testng.internal.invokers.MethodRunner.runInSequence(MethodRunner.java:63)\n\tat org.testng.internal.invokers.TestInvoker$MethodInvocationAgent.invoke(TestInvoker.java:992)\n\tat org.testng.internal.invokers.TestInvoker.invokeTestMethods(TestInvoker.java:203)\n\tat org.testng.internal.invokers.TestMethodWorker.invokeTestMethods(TestMethodWorker.java:154)\n\tat org.testng.internal.invokers.TestMethodWorker.run(TestMethodWorker.java:134)\n\tat java.base/java.util.ArrayList.forEach(ArrayList.java:1596)\n\tat org.testng.TestRunner.privateRun(TestRunner.java:739)\n\tat org.testng.TestRunner.run(TestRunner.java:614)\n\tat org.testng.SuiteRunner.runTest(SuiteRunner.java:421)\n\tat org.testng.SuiteRunner.runSequentially(SuiteRunner.java:413)\n\tat org.testng.SuiteRunner.privateRun(SuiteRunner.java:373)\n\tat org.testng.SuiteRunner.run(SuiteRunner.java:312)\n\tat org.testng.SuiteRunnerWorker.runSuite(SuiteRunnerWorker.java:52)\n\tat org.testng.SuiteRunnerWorker.run(SuiteRunnerWorker.java:95)\n\tat org.testng.TestNG.runSuitesSequentially(TestNG.java:1274)\n\tat org.testng.TestNG.runSuitesLocally(TestNG.java:1208)\n\tat org.testng.TestNG.runSuites(TestNG.java:1112)\n\tat org.testng.TestNG.run(TestNG.java:1079)\n\tat org.apache.maven.surefire.testng.TestNGExecutor.run(TestNGExecutor.java:151)\n\tat org.apache.maven.surefire.testng.TestNGDirectoryTestSuite.executeMulti(TestNGDirectoryTestSuite.java:192)\n\tat org.apache.maven.surefire.testng.TestNGDirectoryTestSuite.execute(TestNGDirectoryTestSuite.java:93)\n\tat org.apache.maven.surefire.testng.TestNGProvider.invoke(TestNGProvider.java:155)\n\tat org.apache.maven.surefire.booter.ForkedBooter.runSuitesInProcess(ForkedBooter.java:456)\n\tat org.apache.maven.surefire.booter.ForkedBooter.execute(ForkedBooter.java:169)\n\tat org.apache.maven.surefire.booter.ForkedBooter.run(ForkedBooter.java:595)\n\tat org.apache.maven.surefire.booter.ForkedBooter.main(ForkedBooter.java:581)\nCaused by: java.lang.NoSuchFieldException: name\n\tat java.base/java.lang.Class.getField(Class.java:2284)\n\tat io.qameta.allure.util.NamingUtils.extractField(NamingUtils.java:109)\n\tat io.qameta.allure.util.NamingUtils.extractChild(NamingUtils.java:99)\n\t... 41 more\n","steps":[{"name":"Login as user: 'user.name'","time":{"start":1743526196186,"stop":1743526210053,"duration":13867},"status":"broken","statusMessage":"Unable to extract name value from com.example.teamcity.api.models.User","statusTrace":"java.lang.IllegalStateException: Unable to extract name value from com.example.teamcity.api.models.User\n\tat io.qameta.allure.util.NamingUtils.extractChild(NamingUtils.java:101)\n\tat io.qameta.allure.util.NamingUtils.extractProperties(NamingUtils.java:90)\n\tat io.qameta.allure.util.NamingUtils.processPattern(NamingUtils.java:70)\n\tat io.qameta.allure.util.NamingUtils.processNameTemplate(NamingUtils.java:51)\n\tat io.qameta.allure.util.AspectUtils.lambda$getName$1(AspectUtils.java:46)\n\tat java.base/java.util.Optional.map(Optional.java:260)\n\tat io.qameta.allure.util.AspectUtils.getName(AspectUtils.java:46)\n\tat io.qameta.allure.aspects.StepsAspects.stepStart(StepsAspects.java:72)\n\tat com.example.teamcity.ui.pages.LoginPage.login(LoginPage.java:26)\n\tat com.example.teamcity.ui.BaseUiTest.loginAs(BaseUiTest.java:45)\n\tat com.example.teamcity.ui.CreateProjectTest.userCreatesProject(CreateProjectTest.java:25)\n\tat java.base/jdk.internal.reflect.DirectMethodHandleAccessor.invoke(DirectMethodHandleAccessor.java:103)\n\tat java.base/java.lang.reflect.Method.invoke(Method.java:580)\n\tat org.testng.internal.invokers.MethodInvocationHelper.invokeMethod(MethodInvocationHelper.java:141)\n\tat org.testng.internal.invokers.TestInvoker.invokeMethod(TestInvoker.java:686)\n\tat org.testng.internal.invokers.TestInvoker.invokeTestMethod(TestInvoker.java:230)\n\tat org.testng.internal.invokers.MethodRunner.runInSequence(MethodRunner.java:63)\n\tat org.testng.internal.invokers.TestInvoker$MethodInvocationAgent.invoke(TestInvoker.java:992)\n\tat org.testng.internal.invokers.TestInvoker.invokeTestMethods(TestInvoker.java:203)\n\tat org.testng.internal.invokers.TestMethodWorker.invokeTestMethods(TestMethodWorker.java:154)\n\tat org.testng.internal.invokers.TestMethodWorker.run(TestMethodWorker.java:134)\n\tat java.base/java.util.ArrayList.forEach(ArrayList.java:1596)\n\tat org.testng.TestRunner.privateRun(TestRunner.java:739)\n\tat org.testng.TestRunner.run(TestRunner.java:614)\n\tat org.testng.SuiteRunner.runTest(SuiteRunner.java:421)\n\tat org.testng.SuiteRunner.runSequentially(SuiteRunner.java:413)\n\tat org.testng.SuiteRunner.privateRun(SuiteRunner.java:373)\n\tat org.testng.SuiteRunner.run(SuiteRunner.java:312)\n\tat org.testng.SuiteRunnerWorker.runSuite(SuiteRunnerWorker.java:52)\n\tat org.testng.SuiteRunnerWorker.run(SuiteRunnerWorker.java:95)\n\tat org.testng.TestNG.runSuitesSequentially(TestNG.java:1274)\n\tat org.testng.TestNG.runSuitesLocally(TestNG.java:1208)\n\tat org.testng.TestNG.runSuites(TestNG.java:1112)\n\tat org.testng.TestNG.run(TestNG.java:1079)\n\tat org.apache.maven.surefire.testng.TestNGExecutor.run(TestNGExecutor.java:151)\n\tat org.apache.maven.surefire.testng.TestNGDirectoryTestSuite.executeMulti(TestNGDirectoryTestSuite.java:192)\n\tat org.apache.maven.surefire.testng.TestNGDirectoryTestSuite.execute(TestNGDirectoryTestSuite.java:93)\n\tat org.apache.maven.surefire.testng.TestNGProvider.invoke(TestNGProvider.java:155)\n\tat org.apache.maven.surefire.booter.ForkedBooter.runSuitesInProcess(ForkedBooter.java:456)\n\tat org.apache.maven.surefire.booter.ForkedBooter.execute(ForkedBooter.java:169)\n\tat org.apache.maven.surefire.booter.ForkedBooter.run(ForkedBooter.java:595)\n\tat org.apache.maven.surefire.booter.ForkedBooter.main(ForkedBooter.java:581)\nCaused by: java.lang.NoSuchFieldException: name\n\tat java.base/java.lang.Class.getField(Class.java:2284)\n\tat io.qameta.allure.util.NamingUtils.extractField(NamingUtils.java:109)\n\tat io.qameta.allure.util.NamingUtils.extractChild(NamingUtils.java:99)\n\t... 41 more\n","steps":[{"name":"Send 'POST /app/rest/users' request","time":{"start":1743526196187,"stop":1743526199926,"duration":3739},"status":"passed","steps":[],"attachments":[{"uid":"feaf6852fa1cb004","name":"Request","source":"feaf6852fa1cb004.html","type":"text/html","size":1357},{"uid":"1e2609aadd96523b","name":"HTTP/1.1 200 ","source":"1e2609aadd96523b.html","type":"text/html","size":2124}],"parameters":[{"name":"method","value":"POST"},{"name":"url","value":"/app/rest/users"},{"name":"body","value":"User(id=null, username=test_ZopixN0FrH, password=test_80uqSJMkok, roles=Roles(role=[Role(roleId=SYSTEM_ADMIN, scope=g)]))"}],"shouldDisplayMessage":false,"stepsCount":0,"attachmentsCount":2,"hasContent":true},{"name":"Open 'Login Page'","time":{"start":1743526200106,"stop":1743526210049,"duration":9943},"status":"passed","steps":[{"name":"$(\"open\") http://172.17.0.1:8111/login.html","time":{"start":1743526200177,"stop":1743526209994,"duration":9817},"status":"passed","steps":[{"name":"$(\"webdriver\") create()","time":{"start":1743526200181,"stop":1743526207685,"duration":7504},"status":"passed","steps":[],"attachments":[],"parameters":[],"shouldDisplayMessage":false,"stepsCount":0,"attachmentsCount":0,"hasContent":false}],"attachments":[],"parameters":[],"shouldDisplayMessage":false,"stepsCount":1,"attachmentsCount":0,"hasContent":true}],"attachments":[],"parameters":[],"shouldDisplayMessage":false,"stepsCount":2,"attachmentsCount":0,"hasContent":true}],"attachments":[],"parameters":[{"name":"user","value":"User(id=null, username=test_ZopixN0FrH, password=test_80uqSJMkok, roles=Roles(role=[Role(roleId=SYSTEM_ADMIN, scope=g)]))"}],"shouldDisplayMessage":true,"stepsCount":4,"attachmentsCount":2,"hasContent":true}],"attachments":[],"parameters":[],"shouldDisplayMessage":false,"stepsCount":5,"attachmentsCount":2,"hasContent":true},"afterStages":[{"name":"closeWebDriver","time":{"start":1743526210091,"stop":1743526210161,"duration":70},"description":"","status":"passed","steps":[{"name":"$(\"webdriver\") close()","time":{"start":1743526210091,"stop":1743526210161,"duration":70},"status":"passed","steps":[],"attachments":[],"parameters":[],"shouldDisplayMessage":false,"stepsCount":0,"attachmentsCount":0,"hasContent":false}],"attachments":[],"parameters":[],"shouldDisplayMessage":false,"stepsCount":1,"attachmentsCount":0,"hasContent":true},{"name":"afterTest","time":{"start":1743526210164,"stop":1743526210365,"duration":201},"description":"","status":"passed","steps":[{"name":"Auth as 'Super user'","time":{"start":1743526210165,"stop":1743526210167,"duration":2},"status":"passed","steps":[],"attachments":[],"parameters":[],"shouldDisplayMessage":false,"stepsCount":0,"attachmentsCount":0,"hasContent":false},{"name":"Send 'DELETE /app/rest/users/id:1' request","time":{"start":1743526210168,"stop":1743526210365,"duration":197},"status":"passed","steps":[],"attachments":[{"uid":"2c960705f8338403","name":"Request","source":"2c960705f8338403.html","type":"text/html","size":582},{"uid":"a84908a2b5efa44d","name":"HTTP/1.1 204 ","source":"a84908a2b5efa44d.html","type":"text/html","size":478}],"parameters":[{"name":"method","value":"DELETE"},{"name":"url","value":"/app/rest/users/id:1"},{"name":"body","value":"null"}],"shouldDisplayMessage":false,"stepsCount":0,"attachmentsCount":2,"hasContent":true}],"attachments":[],"parameters":[],"shouldDisplayMessage":false,"stepsCount":2,"attachmentsCount":2,"hasContent":true}],"labels":[{"name":"package","value":"com.example.teamcity.ui.CreateProjectTest"},{"name":"testClass","value":"com.example.teamcity.ui.CreateProjectTest"},{"name":"testMethod","value":"userCreatesProject"},{"name":"parentSuite","value":"Surefire suite"},{"name":"suite","value":"Surefire test"},{"name":"subSuite","value":"com.example.teamcity.ui.CreateProjectTest"},{"name":"host","value":"fv-az1673-189"},{"name":"thread","value":"4086@fv-az1673-189.main(1)"},{"name":"framework","value":"testng"},{"name":"language","value":"java"},{"name":"resultFormat","value":"allure2"}],"parameters":[],"links":[],"hidden":false,"retry":false,"extra":{"severity":"normal","retries":[],"categories":[{"name":"Test defects","matchedStatuses":[],"flaky":false}],"history":{"statistic":{"failed":0,"broken":1,"skipped":0,"passed":4,"unknown":0,"total":5},"items":[{"uid":"87b32187bb7b1490","reportUrl":"https://Zhorge.github.io/teamcity-testing-framework/ui/23//#testresult/87b32187bb7b1490","status":"passed","time":{"start":1743525103333,"stop":1743525167817,"duration":64484}},{"uid":"cae7dc80dbbe6f3f","reportUrl":"https://Zhorge.github.io/teamcity-testing-framework/ui/22//#testresult/cae7dc80dbbe6f3f","status":"passed","time":{"start":1743523560114,"stop":1743523622242,"duration":62128}},{"uid":"f2e8fdf09afc3076","reportUrl":"https://Zhorge.github.io/teamcity-testing-framework/ui/22//#testresult/f2e8fdf09afc3076","status":"passed","time":{"start":1743522928654,"stop":1743522990952,"duration":62298}},{"uid":"27b76ca18c2997e7","reportUrl":"https://Zhorge.github.io/teamcity-testing-framework/ui/21//#testresult/27b76ca18c2997e7","status":"passed","time":{"start":1743516228290,"stop":1743516290400,"duration":62110}}]},"tags":[]},"source":"8b6ee0d0575bfbf8.json","parameterValues":[]}