{"uid":"b4269e1be0d2b112","name":"User should not be able to create 'build type' with the same name in one project","fullName":"com.example.teamcity.ui.CreateBuildTypeTest.userCreatesBuildTypeWithTheSameName","historyId":"85cabdf7781dbbb426b570fe4135a844","time":{"start":1743526215702,"stop":1743526218480,"duration":2778},"status":"broken","statusMessage":"Unable to extract name value from com.example.teamcity.api.models.User","statusTrace":"java.lang.IllegalStateException: Unable to extract name value from com.example.teamcity.api.models.User\n\tat io.qameta.allure.util.NamingUtils.extractChild(NamingUtils.java:101)\n\tat io.qameta.allure.util.NamingUtils.extractProperties(NamingUtils.java:90)\n\tat io.qameta.allure.util.NamingUtils.processPattern(NamingUtils.java:70)\n\tat io.qameta.allure.util.NamingUtils.processNameTemplate(NamingUtils.java:51)\n\tat io.qameta.allure.util.AspectUtils.lambda$getName$1(AspectUtils.java:46)\n\tat java.base/java.util.Optional.map(Optional.java:260)\n\tat io.qameta.allure.util.AspectUtils.getName(AspectUtils.java:46)\n\tat io.qameta.allure.aspects.StepsAspects.stepStart(StepsAspects.java:72)\n\tat com.example.teamcity.ui.pages.LoginPage.login(LoginPage.java:26)\n\tat com.example.teamcity.ui.BaseUiTest.loginAs(BaseUiTest.java:45)\n\tat com.example.teamcity.ui.CreateBuildTypeTest.userCreatesBuildTypeWithTheSameName(CreateBuildTypeTest.java:48)\n\tat java.base/jdk.internal.reflect.DirectMethodHandleAccessor.invoke(DirectMethodHandleAccessor.java:103)\n\tat java.base/java.lang.reflect.Method.invoke(Method.java:580)\n\tat org.testng.internal.invokers.MethodInvocationHelper.invokeMethod(MethodInvocationHelper.java:141)\n\tat org.testng.internal.invokers.TestInvoker.invokeMethod(TestInvoker.java:686)\n\tat org.testng.internal.invokers.TestInvoker.invokeTestMethod(TestInvoker.java:230)\n\tat org.testng.internal.invokers.MethodRunner.runInSequence(MethodRunner.java:63)\n\tat org.testng.internal.invokers.TestInvoker$MethodInvocationAgent.invoke(TestInvoker.java:992)\n\tat org.testng.internal.invokers.TestInvoker.invokeTestMethods(TestInvoker.java:203)\n\tat org.testng.internal.invokers.TestMethodWorker.invokeTestMethods(TestMethodWorker.java:154)\n\tat org.testng.internal.invokers.TestMethodWorker.run(TestMethodWorker.java:134)\n\tat java.base/java.util.ArrayList.forEach(ArrayList.java:1596)\n\tat org.testng.TestRunner.privateRun(TestRunner.java:739)\n\tat org.testng.TestRunner.run(TestRunner.java:614)\n\tat org.testng.SuiteRunner.runTest(SuiteRunner.java:421)\n\tat org.testng.SuiteRunner.runSequentially(SuiteRunner.java:413)\n\tat org.testng.SuiteRunner.privateRun(SuiteRunner.java:373)\n\tat org.testng.SuiteRunner.run(SuiteRunner.java:312)\n\tat org.testng.SuiteRunnerWorker.runSuite(SuiteRunnerWorker.java:52)\n\tat org.testng.SuiteRunnerWorker.run(SuiteRunnerWorker.java:95)\n\tat org.testng.TestNG.runSuitesSequentially(TestNG.java:1274)\n\tat org.testng.TestNG.runSuitesLocally(TestNG.java:1208)\n\tat org.testng.TestNG.runSuites(TestNG.java:1112)\n\tat org.testng.TestNG.run(TestNG.java:1079)\n\tat org.apache.maven.surefire.testng.TestNGExecutor.run(TestNGExecutor.java:151)\n\tat org.apache.maven.surefire.testng.TestNGDirectoryTestSuite.executeMulti(TestNGDirectoryTestSuite.java:192)\n\tat org.apache.maven.surefire.testng.TestNGDirectoryTestSuite.execute(TestNGDirectoryTestSuite.java:93)\n\tat org.apache.maven.surefire.testng.TestNGProvider.invoke(TestNGProvider.java:155)\n\tat org.apache.maven.surefire.booter.ForkedBooter.runSuitesInProcess(ForkedBooter.java:456)\n\tat org.apache.maven.surefire.booter.ForkedBooter.execute(ForkedBooter.java:169)\n\tat org.apache.maven.surefire.booter.ForkedBooter.run(ForkedBooter.java:595)\n\tat org.apache.maven.surefire.booter.ForkedBooter.main(ForkedBooter.java:581)\nCaused by: java.lang.NoSuchFieldException: name\n\tat java.base/java.lang.Class.getField(Class.java:2284)\n\tat io.qameta.allure.util.NamingUtils.extractField(NamingUtils.java:109)\n\tat io.qameta.allure.util.NamingUtils.extractChild(NamingUtils.java:99)\n\t... 41 more\n","flaky":false,"newFailed":false,"newBroken":true,"newPassed":false,"retriesCount":0,"retriesStatusChange":false,"beforeStages":[{"name":"beforeTest","time":{"start":1743526215681,"stop":1743526215687,"duration":6},"description":"","status":"passed","steps":[{"name":"Auth as user: 'test_CknSG6cNGI'","time":{"start":1743526215685,"stop":1743526215686,"duration":1},"status":"passed","steps":[],"attachments":[],"parameters":[{"name":"user","value":"User(id=null, username=test_CknSG6cNGI, password=test_pS64F6jLP9, roles=Roles(role=[Role(roleId=SYSTEM_ADMIN, scope=g)]))"}],"shouldDisplayMessage":false,"stepsCount":0,"attachmentsCount":0,"hasContent":true}],"attachments":[],"parameters":[],"shouldDisplayMessage":false,"stepsCount":1,"attachmentsCount":0,"hasContent":true}],"testStage":{"status":"broken","statusMessage":"Unable to extract name value from com.example.teamcity.api.models.User","statusTrace":"java.lang.IllegalStateException: Unable to extract name value from com.example.teamcity.api.models.User\n\tat io.qameta.allure.util.NamingUtils.extractChild(NamingUtils.java:101)\n\tat io.qameta.allure.util.NamingUtils.extractProperties(NamingUtils.java:90)\n\tat io.qameta.allure.util.NamingUtils.processPattern(NamingUtils.java:70)\n\tat io.qameta.allure.util.NamingUtils.processNameTemplate(NamingUtils.java:51)\n\tat io.qameta.allure.util.AspectUtils.lambda$getName$1(AspectUtils.java:46)\n\tat java.base/java.util.Optional.map(Optional.java:260)\n\tat io.qameta.allure.util.AspectUtils.getName(AspectUtils.java:46)\n\tat io.qameta.allure.aspects.StepsAspects.stepStart(StepsAspects.java:72)\n\tat com.example.teamcity.ui.pages.LoginPage.login(LoginPage.java:26)\n\tat com.example.teamcity.ui.BaseUiTest.loginAs(BaseUiTest.java:45)\n\tat com.example.teamcity.ui.CreateBuildTypeTest.userCreatesBuildTypeWithTheSameName(CreateBuildTypeTest.java:48)\n\tat java.base/jdk.internal.reflect.DirectMethodHandleAccessor.invoke(DirectMethodHandleAccessor.java:103)\n\tat java.base/java.lang.reflect.Method.invoke(Method.java:580)\n\tat org.testng.internal.invokers.MethodInvocationHelper.invokeMethod(MethodInvocationHelper.java:141)\n\tat org.testng.internal.invokers.TestInvoker.invokeMethod(TestInvoker.java:686)\n\tat org.testng.internal.invokers.TestInvoker.invokeTestMethod(TestInvoker.java:230)\n\tat org.testng.internal.invokers.MethodRunner.runInSequence(MethodRunner.java:63)\n\tat org.testng.internal.invokers.TestInvoker$MethodInvocationAgent.invoke(TestInvoker.java:992)\n\tat org.testng.internal.invokers.TestInvoker.invokeTestMethods(TestInvoker.java:203)\n\tat org.testng.internal.invokers.TestMethodWorker.invokeTestMethods(TestMethodWorker.java:154)\n\tat org.testng.internal.invokers.TestMethodWorker.run(TestMethodWorker.java:134)\n\tat java.base/java.util.ArrayList.forEach(ArrayList.java:1596)\n\tat org.testng.TestRunner.privateRun(TestRunner.java:739)\n\tat org.testng.TestRunner.run(TestRunner.java:614)\n\tat org.testng.SuiteRunner.runTest(SuiteRunner.java:421)\n\tat org.testng.SuiteRunner.runSequentially(SuiteRunner.java:413)\n\tat org.testng.SuiteRunner.privateRun(SuiteRunner.java:373)\n\tat org.testng.SuiteRunner.run(SuiteRunner.java:312)\n\tat org.testng.SuiteRunnerWorker.runSuite(SuiteRunnerWorker.java:52)\n\tat org.testng.SuiteRunnerWorker.run(SuiteRunnerWorker.java:95)\n\tat org.testng.TestNG.runSuitesSequentially(TestNG.java:1274)\n\tat org.testng.TestNG.runSuitesLocally(TestNG.java:1208)\n\tat org.testng.TestNG.runSuites(TestNG.java:1112)\n\tat org.testng.TestNG.run(TestNG.java:1079)\n\tat org.apache.maven.surefire.testng.TestNGExecutor.run(TestNGExecutor.java:151)\n\tat org.apache.maven.surefire.testng.TestNGDirectoryTestSuite.executeMulti(TestNGDirectoryTestSuite.java:192)\n\tat org.apache.maven.surefire.testng.TestNGDirectoryTestSuite.execute(TestNGDirectoryTestSuite.java:93)\n\tat org.apache.maven.surefire.testng.TestNGProvider.invoke(TestNGProvider.java:155)\n\tat org.apache.maven.surefire.booter.ForkedBooter.runSuitesInProcess(ForkedBooter.java:456)\n\tat org.apache.maven.surefire.booter.ForkedBooter.execute(ForkedBooter.java:169)\n\tat org.apache.maven.surefire.booter.ForkedBooter.run(ForkedBooter.java:595)\n\tat org.apache.maven.surefire.booter.ForkedBooter.main(ForkedBooter.java:581)\nCaused by: java.lang.NoSuchFieldException: name\n\tat java.base/java.lang.Class.getField(Class.java:2284)\n\tat io.qameta.allure.util.NamingUtils.extractField(NamingUtils.java:109)\n\tat io.qameta.allure.util.NamingUtils.extractChild(NamingUtils.java:99)\n\t... 41 more\n","steps":[{"name":"Login as user: 'user.name'","time":{"start":1743526215702,"stop":1743526218480,"duration":2778},"status":"broken","statusMessage":"Unable to extract name value from com.example.teamcity.api.models.User","statusTrace":"java.lang.IllegalStateException: Unable to extract name value from com.example.teamcity.api.models.User\n\tat io.qameta.allure.util.NamingUtils.extractChild(NamingUtils.java:101)\n\tat io.qameta.allure.util.NamingUtils.extractProperties(NamingUtils.java:90)\n\tat io.qameta.allure.util.NamingUtils.processPattern(NamingUtils.java:70)\n\tat io.qameta.allure.util.NamingUtils.processNameTemplate(NamingUtils.java:51)\n\tat io.qameta.allure.util.AspectUtils.lambda$getName$1(AspectUtils.java:46)\n\tat java.base/java.util.Optional.map(Optional.java:260)\n\tat io.qameta.allure.util.AspectUtils.getName(AspectUtils.java:46)\n\tat io.qameta.allure.aspects.StepsAspects.stepStart(StepsAspects.java:72)\n\tat com.example.teamcity.ui.pages.LoginPage.login(LoginPage.java:26)\n\tat com.example.teamcity.ui.BaseUiTest.loginAs(BaseUiTest.java:45)\n\tat com.example.teamcity.ui.CreateBuildTypeTest.userCreatesBuildTypeWithTheSameName(CreateBuildTypeTest.java:48)\n\tat java.base/jdk.internal.reflect.DirectMethodHandleAccessor.invoke(DirectMethodHandleAccessor.java:103)\n\tat java.base/java.lang.reflect.Method.invoke(Method.java:580)\n\tat org.testng.internal.invokers.MethodInvocationHelper.invokeMethod(MethodInvocationHelper.java:141)\n\tat org.testng.internal.invokers.TestInvoker.invokeMethod(TestInvoker.java:686)\n\tat org.testng.internal.invokers.TestInvoker.invokeTestMethod(TestInvoker.java:230)\n\tat org.testng.internal.invokers.MethodRunner.runInSequence(MethodRunner.java:63)\n\tat org.testng.internal.invokers.TestInvoker$MethodInvocationAgent.invoke(TestInvoker.java:992)\n\tat org.testng.internal.invokers.TestInvoker.invokeTestMethods(TestInvoker.java:203)\n\tat org.testng.internal.invokers.TestMethodWorker.invokeTestMethods(TestMethodWorker.java:154)\n\tat org.testng.internal.invokers.TestMethodWorker.run(TestMethodWorker.java:134)\n\tat java.base/java.util.ArrayList.forEach(ArrayList.java:1596)\n\tat org.testng.TestRunner.privateRun(TestRunner.java:739)\n\tat org.testng.TestRunner.run(TestRunner.java:614)\n\tat org.testng.SuiteRunner.runTest(SuiteRunner.java:421)\n\tat org.testng.SuiteRunner.runSequentially(SuiteRunner.java:413)\n\tat org.testng.SuiteRunner.privateRun(SuiteRunner.java:373)\n\tat org.testng.SuiteRunner.run(SuiteRunner.java:312)\n\tat org.testng.SuiteRunnerWorker.runSuite(SuiteRunnerWorker.java:52)\n\tat org.testng.SuiteRunnerWorker.run(SuiteRunnerWorker.java:95)\n\tat org.testng.TestNG.runSuitesSequentially(TestNG.java:1274)\n\tat org.testng.TestNG.runSuitesLocally(TestNG.java:1208)\n\tat org.testng.TestNG.runSuites(TestNG.java:1112)\n\tat org.testng.TestNG.run(TestNG.java:1079)\n\tat org.apache.maven.surefire.testng.TestNGExecutor.run(TestNGExecutor.java:151)\n\tat org.apache.maven.surefire.testng.TestNGDirectoryTestSuite.executeMulti(TestNGDirectoryTestSuite.java:192)\n\tat org.apache.maven.surefire.testng.TestNGDirectoryTestSuite.execute(TestNGDirectoryTestSuite.java:93)\n\tat org.apache.maven.surefire.testng.TestNGProvider.invoke(TestNGProvider.java:155)\n\tat org.apache.maven.surefire.booter.ForkedBooter.runSuitesInProcess(ForkedBooter.java:456)\n\tat org.apache.maven.surefire.booter.ForkedBooter.execute(ForkedBooter.java:169)\n\tat org.apache.maven.surefire.booter.ForkedBooter.run(ForkedBooter.java:595)\n\tat org.apache.maven.surefire.booter.ForkedBooter.main(ForkedBooter.java:581)\nCaused by: java.lang.NoSuchFieldException: name\n\tat java.base/java.lang.Class.getField(Class.java:2284)\n\tat io.qameta.allure.util.NamingUtils.extractField(NamingUtils.java:109)\n\tat io.qameta.allure.util.NamingUtils.extractChild(NamingUtils.java:99)\n\t... 41 more\n","steps":[{"name":"Send 'POST /app/rest/users' request","time":{"start":1743526215702,"stop":1743526215823,"duration":121},"status":"passed","steps":[],"attachments":[{"uid":"6b7fab0223899c74","name":"Request","source":"6b7fab0223899c74.html","type":"text/html","size":1357},{"uid":"a81a2c63b12380c8","name":"HTTP/1.1 200 ","source":"a81a2c63b12380c8.html","type":"text/html","size":2124}],"parameters":[{"name":"method","value":"POST"},{"name":"url","value":"/app/rest/users"},{"name":"body","value":"User(id=null, username=test_CknSG6cNGI, password=test_pS64F6jLP9, roles=Roles(role=[Role(roleId=SYSTEM_ADMIN, scope=g)]))"}],"shouldDisplayMessage":false,"stepsCount":0,"attachmentsCount":2,"hasContent":true},{"name":"Open 'Login Page'","time":{"start":1743526215833,"stop":1743526218479,"duration":2646},"status":"passed","steps":[{"name":"$(\"open\") http://172.17.0.1:8111/login.html","time":{"start":1743526215833,"stop":1743526218479,"duration":2646},"status":"passed","steps":[{"name":"$(\"webdriver\") create()","time":{"start":1743526215833,"stop":1743526217641,"duration":1808},"status":"passed","steps":[],"attachments":[],"parameters":[],"shouldDisplayMessage":false,"stepsCount":0,"attachmentsCount":0,"hasContent":false}],"attachments":[],"parameters":[],"shouldDisplayMessage":false,"stepsCount":1,"attachmentsCount":0,"hasContent":true}],"attachments":[],"parameters":[],"shouldDisplayMessage":false,"stepsCount":2,"attachmentsCount":0,"hasContent":true}],"attachments":[],"parameters":[{"name":"user","value":"User(id=null, username=test_CknSG6cNGI, password=test_pS64F6jLP9, roles=Roles(role=[Role(roleId=SYSTEM_ADMIN, scope=g)]))"}],"shouldDisplayMessage":true,"stepsCount":4,"attachmentsCount":2,"hasContent":true}],"attachments":[],"parameters":[],"shouldDisplayMessage":false,"stepsCount":5,"attachmentsCount":2,"hasContent":true},"afterStages":[{"name":"closeWebDriver","time":{"start":1743526218486,"stop":1743526218544,"duration":58},"description":"","status":"passed","steps":[{"name":"$(\"webdriver\") close()","time":{"start":1743526218486,"stop":1743526218543,"duration":57},"status":"passed","steps":[],"attachments":[],"parameters":[],"shouldDisplayMessage":false,"stepsCount":0,"attachmentsCount":0,"hasContent":false}],"attachments":[],"parameters":[],"shouldDisplayMessage":false,"stepsCount":1,"attachmentsCount":0,"hasContent":true},{"name":"afterTest","time":{"start":1743526218548,"stop":1743526218624,"duration":76},"description":"","status":"passed","steps":[{"name":"Auth as 'Super user'","time":{"start":1743526218548,"stop":1743526218551,"duration":3},"status":"passed","steps":[],"attachments":[],"parameters":[],"shouldDisplayMessage":false,"stepsCount":0,"attachmentsCount":0,"hasContent":false},{"name":"Send 'DELETE /app/rest/users/id:3' request","time":{"start":1743526218552,"stop":1743526218624,"duration":72},"status":"passed","steps":[],"attachments":[{"uid":"ba172f99a1b5a066","name":"Request","source":"ba172f99a1b5a066.html","type":"text/html","size":582},{"uid":"2f08d2fa7a3f25dc","name":"HTTP/1.1 204 ","source":"2f08d2fa7a3f25dc.html","type":"text/html","size":478}],"parameters":[{"name":"method","value":"DELETE"},{"name":"url","value":"/app/rest/users/id:3"},{"name":"body","value":"null"}],"shouldDisplayMessage":false,"stepsCount":0,"attachmentsCount":2,"hasContent":true}],"attachments":[],"parameters":[],"shouldDisplayMessage":false,"stepsCount":2,"attachmentsCount":2,"hasContent":true}],"labels":[{"name":"package","value":"com.example.teamcity.ui.CreateBuildTypeTest"},{"name":"testClass","value":"com.example.teamcity.ui.CreateBuildTypeTest"},{"name":"testMethod","value":"userCreatesBuildTypeWithTheSameName"},{"name":"parentSuite","value":"Surefire suite"},{"name":"suite","value":"Surefire test"},{"name":"subSuite","value":"com.example.teamcity.ui.CreateBuildTypeTest"},{"name":"host","value":"fv-az1673-189"},{"name":"thread","value":"4086@fv-az1673-189.main(1)"},{"name":"framework","value":"testng"},{"name":"language","value":"java"},{"name":"resultFormat","value":"allure2"}],"parameters":[],"links":[],"hidden":false,"retry":false,"extra":{"severity":"normal","retries":[],"categories":[{"name":"Test defects","matchedStatuses":[],"flaky":false}],"history":{"statistic":{"failed":0,"broken":1,"skipped":0,"passed":4,"unknown":0,"total":5},"items":[{"uid":"d34fa7d943d00d5c","reportUrl":"https://Zhorge.github.io/teamcity-testing-framework/ui/23//#testresult/d34fa7d943d00d5c","status":"passed","time":{"start":1743525186098,"stop":1743525197036,"duration":10938}},{"uid":"2a305af9aefaaa51","reportUrl":"https://Zhorge.github.io/teamcity-testing-framework/ui/22//#testresult/2a305af9aefaaa51","status":"passed","time":{"start":1743523637550,"stop":1743523647657,"duration":10107}},{"uid":"ebc6c4fbeaa8002","reportUrl":"https://Zhorge.github.io/teamcity-testing-framework/ui/22//#testresult/ebc6c4fbeaa8002","status":"passed","time":{"start":1743523005719,"stop":1743523016828,"duration":11109}},{"uid":"270394681a393999","reportUrl":"https://Zhorge.github.io/teamcity-testing-framework/ui/21//#testresult/270394681a393999","status":"passed","time":{"start":1743516306424,"stop":1743516316895,"duration":10471}}]},"tags":[]},"source":"b4269e1be0d2b112.json","parameterValues":[]}